Analysis & Synthesis report for spi_top
Thu Oct 26 15:12:26 2023
Quartus Prime Version 22.1std.2 Build 922 07/20/2023 SC Lite Edition


---------------------
; Table of Contents ;
---------------------
  1. Legal Notice
  2. Analysis & Synthesis Summary
  3. Analysis & Synthesis Settings
  4. Parallel Compilation
  5. Analysis & Synthesis Source Files Read
  6. Analysis & Synthesis Resource Usage Summary
  7. Analysis & Synthesis Resource Utilization by Entity
  8. Registers Removed During Synthesis
  9. General Register Statistics
 10. Inverted Register Statistics
 11. Multiplexer Restructuring Statistics (Restructuring Performed)
 12. Port Connectivity Checks: "spi_shift:SR"
 13. Post-Synthesis Netlist Statistics for Top Partition
 14. Elapsed Time Per Partition
 15. Analysis & Synthesis Messages
 16. Analysis & Synthesis Suppressed Messages



----------------
; Legal Notice ;
----------------
Copyright (C) 2023  Intel Corporation. All rights reserved.
Your use of Intel Corporation's design tools, logic functions 
and other software and tools, and any partner logic 
functions, and any output files from any of the foregoing 
(including device programming or simulation files), and any 
associated documentation or information are expressly subject 
to the terms and conditions of the Intel Program License 
Subscription Agreement, the Intel Quartus Prime License Agreement,
the Intel FPGA IP License Agreement, or other applicable license
agreement, including, without limitation, that your use is for
the sole purpose of programming logic devices manufactured by
Intel and sold by Intel or its authorized distributors.  Please
refer to the applicable agreement for further details, at
https://fpgasoftware.intel.com/eula.



+----------------------------------------------------------------------------------+
; Analysis & Synthesis Summary                                                     ;
+---------------------------------+------------------------------------------------+
; Analysis & Synthesis Status     ; Successful - Thu Oct 26 15:12:26 2023          ;
; Quartus Prime Version           ; 22.1std.2 Build 922 07/20/2023 SC Lite Edition ;
; Revision Name                   ; spi_top                                        ;
; Top-level Entity Name           ; spi_top                                        ;
; Family                          ; Cyclone V                                      ;
; Logic utilization (in ALMs)     ; N/A                                            ;
; Total registers                 ; 63                                             ;
; Total pins                      ; 91                                             ;
; Total virtual pins              ; 0                                              ;
; Total block memory bits         ; 0                                              ;
; Total DSP Blocks                ; 0                                              ;
; Total HSSI RX PCSs              ; 0                                              ;
; Total HSSI PMA RX Deserializers ; 0                                              ;
; Total HSSI TX PCSs              ; 0                                              ;
; Total HSSI PMA TX Serializers   ; 0                                              ;
; Total PLLs                      ; 0                                              ;
; Total DLLs                      ; 0                                              ;
+---------------------------------+------------------------------------------------+


+---------------------------------------------------------------------------------------------------------------------------+
; Analysis & Synthesis Settings                                                                                             ;
+---------------------------------------------------------------------------------+--------------------+--------------------+
; Option                                                                          ; Setting            ; Default Value      ;
+---------------------------------------------------------------------------------+--------------------+--------------------+
; Device                                                                          ; 5CGXFC7C7F23C8     ;                    ;
; Top-level entity name                                                           ; spi_top            ; spi_top            ;
; Family name                                                                     ; Cyclone V          ; Cyclone V          ;
; Use smart compilation                                                           ; Off                ; Off                ;
; Enable parallel Assembler and Timing Analyzer during compilation                ; On                 ; On                 ;
; Enable compact report table                                                     ; Off                ; Off                ;
; Restructure Multiplexers                                                        ; Auto               ; Auto               ;
; MLAB Add Timing Constraints For Mixed-Port Feed-Through Mode Setting Don't Care ; Off                ; Off                ;
; Create Debugging Nodes for IP Cores                                             ; Off                ; Off                ;
; Preserve fewer node names                                                       ; On                 ; On                 ;
; Intel FPGA IP Evaluation Mode                                                   ; Enable             ; Enable             ;
; Verilog Version                                                                 ; Verilog_2001       ; Verilog_2001       ;
; VHDL Version                                                                    ; VHDL_1993          ; VHDL_1993          ;
; State Machine Processing                                                        ; Auto               ; Auto               ;
; Safe State Machine                                                              ; Off                ; Off                ;
; Extract Verilog State Machines                                                  ; On                 ; On                 ;
; Extract VHDL State Machines                                                     ; On                 ; On                 ;
; Ignore Verilog initial constructs                                               ; Off                ; Off                ;
; Iteration limit for constant Verilog loops                                      ; 5000               ; 5000               ;
; Iteration limit for non-constant Verilog loops                                  ; 250                ; 250                ;
; Add Pass-Through Logic to Inferred RAMs                                         ; On                 ; On                 ;
; Infer RAMs from Raw Logic                                                       ; On                 ; On                 ;
; Parallel Synthesis                                                              ; On                 ; On                 ;
; DSP Block Balancing                                                             ; Auto               ; Auto               ;
; NOT Gate Push-Back                                                              ; On                 ; On                 ;
; Power-Up Don't Care                                                             ; On                 ; On                 ;
; Remove Redundant Logic Cells                                                    ; Off                ; Off                ;
; Remove Duplicate Registers                                                      ; On                 ; On                 ;
; Ignore CARRY Buffers                                                            ; Off                ; Off                ;
; Ignore CASCADE Buffers                                                          ; Off                ; Off                ;
; Ignore GLOBAL Buffers                                                           ; Off                ; Off                ;
; Ignore ROW GLOBAL Buffers                                                       ; Off                ; Off                ;
; Ignore LCELL Buffers                                                            ; Off                ; Off                ;
; Ignore SOFT Buffers                                                             ; On                 ; On                 ;
; Limit AHDL Integers to 32 Bits                                                  ; Off                ; Off                ;
; Optimization Technique                                                          ; Balanced           ; Balanced           ;
; Carry Chain Length                                                              ; 70                 ; 70                 ;
; Auto Carry Chains                                                               ; On                 ; On                 ;
; Auto Open-Drain Pins                                                            ; On                 ; On                 ;
; Perform WYSIWYG Primitive Resynthesis                                           ; Off                ; Off                ;
; Auto ROM Replacement                                                            ; On                 ; On                 ;
; Auto RAM Replacement                                                            ; On                 ; On                 ;
; Auto DSP Block Replacement                                                      ; On                 ; On                 ;
; Auto Shift Register Replacement                                                 ; Auto               ; Auto               ;
; Allow Shift Register Merging across Hierarchies                                 ; Auto               ; Auto               ;
; Auto Clock Enable Replacement                                                   ; On                 ; On                 ;
; Strict RAM Replacement                                                          ; Off                ; Off                ;
; Allow Synchronous Control Signals                                               ; On                 ; On                 ;
; Force Use of Synchronous Clear Signals                                          ; Off                ; Off                ;
; Auto Resource Sharing                                                           ; Off                ; Off                ;
; Allow Any RAM Size For Recognition                                              ; Off                ; Off                ;
; Allow Any ROM Size For Recognition                                              ; Off                ; Off                ;
; Allow Any Shift Register Size For Recognition                                   ; Off                ; Off                ;
; Use LogicLock Constraints during Resource Balancing                             ; On                 ; On                 ;
; Ignore translate_off and synthesis_off directives                               ; Off                ; Off                ;
; Timing-Driven Synthesis                                                         ; On                 ; On                 ;
; Report Parameter Settings                                                       ; On                 ; On                 ;
; Report Source Assignments                                                       ; On                 ; On                 ;
; Report Connectivity Checks                                                      ; On                 ; On                 ;
; Ignore Maximum Fan-Out Assignments                                              ; Off                ; Off                ;
; Synchronization Register Chain Length                                           ; 3                  ; 3                  ;
; Power Optimization During Synthesis                                             ; Normal compilation ; Normal compilation ;
; HDL message level                                                               ; Level2             ; Level2             ;
; Suppress Register Optimization Related Messages                                 ; Off                ; Off                ;
; Number of Removed Registers Reported in Synthesis Report                        ; 5000               ; 5000               ;
; Number of Swept Nodes Reported in Synthesis Report                              ; 5000               ; 5000               ;
; Number of Inverted Registers Reported in Synthesis Report                       ; 100                ; 100                ;
; Clock MUX Protection                                                            ; On                 ; On                 ;
; Auto Gated Clock Conversion                                                     ; Off                ; Off                ;
; Block Design Naming                                                             ; Auto               ; Auto               ;
; SDC constraint protection                                                       ; Off                ; Off                ;
; Synthesis Effort                                                                ; Auto               ; Auto               ;
; Shift Register Replacement - Allow Asynchronous Clear Signal                    ; On                 ; On                 ;
; Pre-Mapping Resynthesis Optimization                                            ; Off                ; Off                ;
; Analysis & Synthesis Message Level                                              ; Medium             ; Medium             ;
; Disable Register Merging Across Hierarchies                                     ; Auto               ; Auto               ;
; Resource Aware Inference For Block RAM                                          ; On                 ; On                 ;
; Automatic Parallel Synthesis                                                    ; On                 ; On                 ;
; Partial Reconfiguration Bitstream ID                                            ; Off                ; Off                ;
+---------------------------------------------------------------------------------+--------------------+--------------------+


+------------------------------------------+
; Parallel Compilation                     ;
+----------------------------+-------------+
; Processors                 ; Number      ;
+----------------------------+-------------+
; Number detected on machine ; 12          ;
; Maximum allowed            ; 12          ;
;                            ;             ;
; Average used               ; 1.00        ;
; Maximum used               ; 12          ;
;                            ;             ;
; Usage by Processor         ; % Time Used ;
;     Processor 1            ; 100.0%      ;
;     Processors 2-12        ;   0.0%      ;
+----------------------------+-------------+


+----------------------------------------------------------------------------------------------------------------------------------------+
; Analysis & Synthesis Source Files Read                                                                                                 ;
+----------------------------------+-----------------+------------------------+------------------------------------------------+---------+
; File Name with User-Entered Path ; Used in Netlist ; File Type              ; File Name with Absolute Path                   ; Library ;
+----------------------------------+-----------------+------------------------+------------------------------------------------+---------+
; ../../rtl/spi_top.v              ; yes             ; User Verilog HDL File  ; D:/college/Maven Silicon/SPI/rtl/spi_top.v     ;         ;
; ../../rtl/spi_shift.v            ; yes             ; User Verilog HDL File  ; D:/college/Maven Silicon/SPI/rtl/spi_shift.v   ;         ;
; ../../rtl/spi_defines.v          ; yes             ; User Verilog HDL File  ; D:/college/Maven Silicon/SPI/rtl/spi_defines.v ;         ;
; ../../rtl/spi_clgen.v            ; yes             ; User Verilog HDL File  ; D:/college/Maven Silicon/SPI/rtl/spi_clgen.v   ;         ;
+----------------------------------+-----------------+------------------------+------------------------------------------------+---------+


+---------------------------------------------------------------+
; Analysis & Synthesis Resource Usage Summary                   ;
+---------------------------------------------+-----------------+
; Resource                                    ; Usage           ;
+---------------------------------------------+-----------------+
; Estimate of Logic utilization (ALMs needed) ; 71              ;
;                                             ;                 ;
; Combinational ALUT usage for logic          ; 108             ;
;     -- 7 input functions                    ; 6               ;
;     -- 6 input functions                    ; 24              ;
;     -- 5 input functions                    ; 20              ;
;     -- 4 input functions                    ; 22              ;
;     -- <=3 input functions                  ; 36              ;
;                                             ;                 ;
; Dedicated logic registers                   ; 63              ;
;                                             ;                 ;
; I/O pins                                    ; 91              ;
;                                             ;                 ;
; Total DSP Blocks                            ; 0               ;
;                                             ;                 ;
; Maximum fan-out node                        ; wb_clk_in~input ;
; Maximum fan-out                             ; 63              ;
; Total fan-out                               ; 805             ;
; Average fan-out                             ; 2.28            ;
+---------------------------------------------+-----------------+


+------------------------------------------------------------------------------------------------------------------------------------------------------------------------------------------+
; Analysis & Synthesis Resource Utilization by Entity                                                                                                                                      ;
+----------------------------+---------------------+---------------------------+-------------------+------------+------+--------------+-----------------------+-------------+--------------+
; Compilation Hierarchy Node ; Combinational ALUTs ; Dedicated Logic Registers ; Block Memory Bits ; DSP Blocks ; Pins ; Virtual Pins ; Full Hierarchy Name   ; Entity Name ; Library Name ;
+----------------------------+---------------------+---------------------------+-------------------+------------+------+--------------+-----------------------+-------------+--------------+
; |spi_top                   ; 108 (40)            ; 63 (42)                   ; 0                 ; 0          ; 91   ; 0            ; |spi_top              ; spi_top     ; work         ;
;    |spi_clgen:SC|          ; 11 (11)             ; 7 (7)                     ; 0                 ; 0          ; 0    ; 0            ; |spi_top|spi_clgen:SC ; spi_clgen   ; work         ;
;    |spi_shift:SR|          ; 57 (57)             ; 14 (14)                   ; 0                 ; 0          ; 0    ; 0            ; |spi_top|spi_shift:SR ; spi_shift   ; work         ;
+----------------------------+---------------------+---------------------------+-------------------+------------+------+--------------+-----------------------+-------------+--------------+
Note: For table entries with two numbers listed, the numbers in parentheses indicate the number of resources of the given type used by the specific entity alone. The numbers listed outside of parentheses indicate the total resources of the given type used by the specific entity and all of its sub-entities in the hierarchy.


+---------------------------------------------------------------------------------+
; Registers Removed During Synthesis                                              ;
+----------------------------------------+----------------------------------------+
; Register name                          ; Reason for Removal                     ;
+----------------------------------------+----------------------------------------+
; wb_dat_o[31]~reg0                      ; Stuck at GND due to stuck port data_in ;
; wb_dat_o[30]~reg0                      ; Stuck at GND due to stuck port data_in ;
; wb_dat_o[29]~reg0                      ; Stuck at GND due to stuck port data_in ;
; wb_dat_o[28]~reg0                      ; Stuck at GND due to stuck port data_in ;
; wb_dat_o[27]~reg0                      ; Stuck at GND due to stuck port data_in ;
; wb_dat_o[26]~reg0                      ; Stuck at GND due to stuck port data_in ;
; wb_dat_o[25]~reg0                      ; Stuck at GND due to stuck port data_in ;
; wb_dat_o[24]~reg0                      ; Stuck at GND due to stuck port data_in ;
; wb_dat_o[23]~reg0                      ; Stuck at GND due to stuck port data_in ;
; wb_dat_o[22]~reg0                      ; Stuck at GND due to stuck port data_in ;
; wb_dat_o[21]~reg0                      ; Stuck at GND due to stuck port data_in ;
; wb_dat_o[20]~reg0                      ; Stuck at GND due to stuck port data_in ;
; wb_dat_o[19]~reg0                      ; Stuck at GND due to stuck port data_in ;
; wb_dat_o[18]~reg0                      ; Stuck at GND due to stuck port data_in ;
; wb_dat_o[17]~reg0                      ; Stuck at GND due to stuck port data_in ;
; wb_dat_o[16]~reg0                      ; Stuck at GND due to stuck port data_in ;
; wb_dat_o[15]~reg0                      ; Stuck at GND due to stuck port data_in ;
; wb_dat_o[14]~reg0                      ; Stuck at GND due to stuck port data_in ;
; Total Number of Removed Registers = 18 ;                                        ;
+----------------------------------------+----------------------------------------+


+------------------------------------------------------+
; General Register Statistics                          ;
+----------------------------------------------+-------+
; Statistic                                    ; Value ;
+----------------------------------------------+-------+
; Total registers                              ; 63    ;
; Number of registers using Synchronous Clear  ; 3     ;
; Number of registers using Synchronous Load   ; 2     ;
; Number of registers using Asynchronous Clear ; 63    ;
; Number of registers using Asynchronous Load  ; 0     ;
; Number of registers using Clock Enable       ; 27    ;
; Number of registers using Preset             ; 0     ;
+----------------------------------------------+-------+


+--------------------------------------------------+
; Inverted Register Statistics                     ;
+----------------------------------------+---------+
; Inverted Register                      ; Fan out ;
+----------------------------------------+---------+
; spi_clgen:SC|count[0]                  ; 6       ;
; Total number of inverted registers = 1 ;         ;
+----------------------------------------+---------+


+---------------------------------------------------------------------------------------------------------------------------------------------------+
; Multiplexer Restructuring Statistics (Restructuring Performed)                                                                                    ;
+--------------------+-----------+---------------+----------------------+------------------------+------------+-------------------------------------+
; Multiplexer Inputs ; Bus Width ; Baseline Area ; Area if Restructured ; Saving if Restructured ; Registered ; Example Multiplexer Output          ;
+--------------------+-----------+---------------+----------------------+------------------------+------------+-------------------------------------+
; 3:1                ; 3 bits    ; 6 LEs         ; 3 LEs                ; 3 LEs                  ; Yes        ; |spi_top|spi_shift:SR|char_count[1] ;
; 4:1                ; 3 bits    ; 6 LEs         ; 6 LEs                ; 0 LEs                  ; Yes        ; |spi_top|spi_clgen:SC|count[3]      ;
; 7:1                ; 4 bits    ; 16 LEs        ; 16 LEs               ; 0 LEs                  ; Yes        ; |spi_top|wb_dat_o[6]~reg0           ;
; 7:1                ; 4 bits    ; 16 LEs        ; 16 LEs               ; 0 LEs                  ; Yes        ; |spi_top|wb_dat_o[2]~reg0           ;
; 3:1                ; 3 bits    ; 6 LEs         ; 6 LEs                ; 0 LEs                  ; No         ; |spi_top|spi_shift:SR|rx_bit_pos[0] ;
+--------------------+-----------+---------------+----------------------+------------------------+------------+-------------------------------------+


+--------------------------------------------------------------------------------------------------------------------------------------------------------------------------------------------------------------+
; Port Connectivity Checks: "spi_shift:SR"                                                                                                                                                                     ;
+------+-------+----------+------------------------------------------------------------------------------------------------------------------------------------------------------------------------------------+
; Port ; Type  ; Severity ; Details                                                                                                                                                                            ;
+------+-------+----------+------------------------------------------------------------------------------------------------------------------------------------------------------------------------------------+
; p_in ; Input ; Warning  ; Input port expression (32 bits) is wider than the input port (8 bits) it drives.  The 24 most-significant bit(s) in the expression will be dangling if they have no other fanouts. ;
+------+-------+----------+------------------------------------------------------------------------------------------------------------------------------------------------------------------------------------+


+-----------------------------------------------------+
; Post-Synthesis Netlist Statistics for Top Partition ;
+-----------------------+-----------------------------+
; Type                  ; Count                       ;
+-----------------------+-----------------------------+
; arriav_ff             ; 63                          ;
;     CLR               ; 32                          ;
;     CLR SCLR          ; 3                           ;
;     CLR SLD           ; 1                           ;
;     ENA CLR           ; 26                          ;
;     ENA CLR SLD       ; 1                           ;
; arriav_lcell_comb     ; 117                         ;
;     arith             ; 4                           ;
;         1 data inputs ; 1                           ;
;         2 data inputs ; 3                           ;
;     extend            ; 6                           ;
;         7 data inputs ; 6                           ;
;     normal            ; 107                         ;
;         0 data inputs ; 1                           ;
;         1 data inputs ; 9                           ;
;         2 data inputs ; 13                          ;
;         3 data inputs ; 18                          ;
;         4 data inputs ; 22                          ;
;         5 data inputs ; 20                          ;
;         6 data inputs ; 24                          ;
; boundary_port         ; 91                          ;
;                       ;                             ;
; Max LUT depth         ; 5.00                        ;
; Average LUT depth     ; 2.38                        ;
+-----------------------+-----------------------------+


+-------------------------------+
; Elapsed Time Per Partition    ;
+----------------+--------------+
; Partition Name ; Elapsed Time ;
+----------------+--------------+
; Top            ; 00:00:00     ;
+----------------+--------------+


+-------------------------------+
; Analysis & Synthesis Messages ;
+-------------------------------+
Info: *******************************************************************
Info: Running Quartus Prime Analysis & Synthesis
    Info: Version 22.1std.2 Build 922 07/20/2023 SC Lite Edition
    Info: Processing started: Thu Oct 26 15:12:19 2023
Info: Command: quartus_map --read_settings_files=on --write_settings_files=off spi_top -c spi_top
Warning (18236): Number of processors has not been specified which may cause overloading on shared machines.  Set the global assignment NUM_PARALLEL_PROCESSORS in your QSF to an appropriate value for best performance.
Info (20030): Parallel compilation is enabled and will use 12 of the 12 processors detected
Info (12021): Found 1 design units, including 1 entities, in source file /college/maven silicon/spi/rtl/spi_top.v
    Info (12023): Found entity 1: spi_top File: D:/college/Maven Silicon/SPI/rtl/spi_top.v Line: 3
Info (12021): Found 1 design units, including 1 entities, in source file /college/maven silicon/spi/rtl/spi_shift.v
    Info (12023): Found entity 1: spi_shift File: D:/college/Maven Silicon/SPI/rtl/spi_shift.v Line: 3
Info (12021): Found 0 design units, including 0 entities, in source file /college/maven silicon/spi/rtl/spi_defines.v
Info (12021): Found 1 design units, including 1 entities, in source file /college/maven silicon/spi/rtl/spi_clgen.v
    Info (12023): Found entity 1: spi_clgen File: D:/college/Maven Silicon/SPI/rtl/spi_clgen.v Line: 3
Info (12127): Elaborating entity "spi_top" for the top level hierarchy
Warning (10230): Verilog HDL assignment warning at spi_top.v(213): truncated value with size 7 to match size of target (3) File: D:/college/Maven Silicon/SPI/rtl/spi_top.v Line: 213
Info (12128): Elaborating entity "spi_clgen" for hierarchy "spi_clgen:SC" File: D:/college/Maven Silicon/SPI/rtl/spi_top.v Line: 52
Warning (10230): Verilog HDL assignment warning at spi_clgen.v(32): truncated value with size 5 to match size of target (4) File: D:/college/Maven Silicon/SPI/rtl/spi_clgen.v Line: 32
Warning (10230): Verilog HDL assignment warning at spi_clgen.v(36): truncated value with size 5 to match size of target (4) File: D:/college/Maven Silicon/SPI/rtl/spi_clgen.v Line: 36
Warning (10230): Verilog HDL assignment warning at spi_clgen.v(39): truncated value with size 32 to match size of target (4) File: D:/college/Maven Silicon/SPI/rtl/spi_clgen.v Line: 39
Warning (10230): Verilog HDL assignment warning at spi_clgen.v(43): truncated value with size 5 to match size of target (4) File: D:/college/Maven Silicon/SPI/rtl/spi_clgen.v Line: 43
Info (12128): Elaborating entity "spi_shift" for hierarchy "spi_shift:SR" File: D:/college/Maven Silicon/SPI/rtl/spi_top.v Line: 71
Warning (10230): Verilog HDL assignment warning at spi_shift.v(46): truncated value with size 32 to match size of target (4) File: D:/college/Maven Silicon/SPI/rtl/spi_shift.v Line: 46
Warning (10230): Verilog HDL assignment warning at spi_shift.v(85): truncated value with size 4 to match size of target (3) File: D:/college/Maven Silicon/SPI/rtl/spi_shift.v Line: 85
Warning (10230): Verilog HDL assignment warning at spi_shift.v(86): truncated value with size 4 to match size of target (3) File: D:/college/Maven Silicon/SPI/rtl/spi_shift.v Line: 86
Warning (12241): 1 hierarchies have connectivity warnings - see the Connectivity Checks report folder
Warning (13024): Output pins are stuck at VCC or GND
    Warning (13410): Pin "wb_dat_o[14]" is stuck at GND File: D:/college/Maven Silicon/SPI/rtl/spi_top.v Line: 114
    Warning (13410): Pin "wb_dat_o[15]" is stuck at GND File: D:/college/Maven Silicon/SPI/rtl/spi_top.v Line: 114
    Warning (13410): Pin "wb_dat_o[16]" is stuck at GND File: D:/college/Maven Silicon/SPI/rtl/spi_top.v Line: 114
    Warning (13410): Pin "wb_dat_o[17]" is stuck at GND File: D:/college/Maven Silicon/SPI/rtl/spi_top.v Line: 114
    Warning (13410): Pin "wb_dat_o[18]" is stuck at GND File: D:/college/Maven Silicon/SPI/rtl/spi_top.v Line: 114
    Warning (13410): Pin "wb_dat_o[19]" is stuck at GND File: D:/college/Maven Silicon/SPI/rtl/spi_top.v Line: 114
    Warning (13410): Pin "wb_dat_o[20]" is stuck at GND File: D:/college/Maven Silicon/SPI/rtl/spi_top.v Line: 114
    Warning (13410): Pin "wb_dat_o[21]" is stuck at GND File: D:/college/Maven Silicon/SPI/rtl/spi_top.v Line: 114
    Warning (13410): Pin "wb_dat_o[22]" is stuck at GND File: D:/college/Maven Silicon/SPI/rtl/spi_top.v Line: 114
    Warning (13410): Pin "wb_dat_o[23]" is stuck at GND File: D:/college/Maven Silicon/SPI/rtl/spi_top.v Line: 114
    Warning (13410): Pin "wb_dat_o[24]" is stuck at GND File: D:/college/Maven Silicon/SPI/rtl/spi_top.v Line: 114
    Warning (13410): Pin "wb_dat_o[25]" is stuck at GND File: D:/college/Maven Silicon/SPI/rtl/spi_top.v Line: 114
    Warning (13410): Pin "wb_dat_o[26]" is stuck at GND File: D:/college/Maven Silicon/SPI/rtl/spi_top.v Line: 114
    Warning (13410): Pin "wb_dat_o[27]" is stuck at GND File: D:/college/Maven Silicon/SPI/rtl/spi_top.v Line: 114
    Warning (13410): Pin "wb_dat_o[28]" is stuck at GND File: D:/college/Maven Silicon/SPI/rtl/spi_top.v Line: 114
    Warning (13410): Pin "wb_dat_o[29]" is stuck at GND File: D:/college/Maven Silicon/SPI/rtl/spi_top.v Line: 114
    Warning (13410): Pin "wb_dat_o[30]" is stuck at GND File: D:/college/Maven Silicon/SPI/rtl/spi_top.v Line: 114
    Warning (13410): Pin "wb_dat_o[31]" is stuck at GND File: D:/college/Maven Silicon/SPI/rtl/spi_top.v Line: 114
Info (286030): Timing-Driven Synthesis is running
Info (144001): Generated suppressed messages file D:/college/Maven Silicon/SPI/synth/spi top/output_files/spi_top.map.smsg
Info (16010): Generating hard_block partition "hard_block:auto_generated_inst"
    Info (16011): Adding 0 node(s), including 0 DDIO, 0 PLL, 0 transceiver and 0 LCELL
Warning (21074): Design contains 20 input pin(s) that do not drive logic
    Warning (15610): No output dependent on input pin "wb_sel_in[2]" File: D:/college/Maven Silicon/SPI/rtl/spi_top.v Line: 24
    Warning (15610): No output dependent on input pin "wb_sel_in[3]" File: D:/college/Maven Silicon/SPI/rtl/spi_top.v Line: 24
    Warning (15610): No output dependent on input pin "wb_dat_in[14]" File: D:/college/Maven Silicon/SPI/rtl/spi_top.v Line: 23
    Warning (15610): No output dependent on input pin "wb_dat_in[15]" File: D:/college/Maven Silicon/SPI/rtl/spi_top.v Line: 23
    Warning (15610): No output dependent on input pin "wb_dat_in[16]" File: D:/college/Maven Silicon/SPI/rtl/spi_top.v Line: 23
    Warning (15610): No output dependent on input pin "wb_dat_in[17]" File: D:/college/Maven Silicon/SPI/rtl/spi_top.v Line: 23
    Warning (15610): No output dependent on input pin "wb_dat_in[18]" File: D:/college/Maven Silicon/SPI/rtl/spi_top.v Line: 23
    Warning (15610): No output dependent on input pin "wb_dat_in[19]" File: D:/college/Maven Silicon/SPI/rtl/spi_top.v Line: 23
    Warning (15610): No output dependent on input pin "wb_dat_in[20]" File: D:/college/Maven Silicon/SPI/rtl/spi_top.v Line: 23
    Warning (15610): No output dependent on input pin "wb_dat_in[21]" File: D:/college/Maven Silicon/SPI/rtl/spi_top.v Line: 23
    Warning (15610): No output dependent on input pin "wb_dat_in[22]" File: D:/college/Maven Silicon/SPI/rtl/spi_top.v Line: 23
    Warning (15610): No output dependent on input pin "wb_dat_in[23]" File: D:/college/Maven Silicon/SPI/rtl/spi_top.v Line: 23
    Warning (15610): No output dependent on input pin "wb_dat_in[24]" File: D:/college/Maven Silicon/SPI/rtl/spi_top.v Line: 23
    Warning (15610): No output dependent on input pin "wb_dat_in[25]" File: D:/college/Maven Silicon/SPI/rtl/spi_top.v Line: 23
    Warning (15610): No output dependent on input pin "wb_dat_in[26]" File: D:/college/Maven Silicon/SPI/rtl/spi_top.v Line: 23
    Warning (15610): No output dependent on input pin "wb_dat_in[27]" File: D:/college/Maven Silicon/SPI/rtl/spi_top.v Line: 23
    Warning (15610): No output dependent on input pin "wb_dat_in[28]" File: D:/college/Maven Silicon/SPI/rtl/spi_top.v Line: 23
    Warning (15610): No output dependent on input pin "wb_dat_in[29]" File: D:/college/Maven Silicon/SPI/rtl/spi_top.v Line: 23
    Warning (15610): No output dependent on input pin "wb_dat_in[30]" File: D:/college/Maven Silicon/SPI/rtl/spi_top.v Line: 23
    Warning (15610): No output dependent on input pin "wb_dat_in[31]" File: D:/college/Maven Silicon/SPI/rtl/spi_top.v Line: 23
Info (21057): Implemented 225 device resources after synthesis - the final resource count might be different
    Info (21058): Implemented 47 input pins
    Info (21059): Implemented 44 output pins
    Info (21061): Implemented 134 logic cells
Info: Quartus Prime Analysis & Synthesis was successful. 0 errors, 50 warnings
    Info: Peak virtual memory: 4875 megabytes
    Info: Processing ended: Thu Oct 26 15:12:26 2023
    Info: Elapsed time: 00:00:07
    Info: Total CPU time (on all processors): 00:00:14


+------------------------------------------+
; Analysis & Synthesis Suppressed Messages ;
+------------------------------------------+
The suppressed messages can be found in D:/college/Maven Silicon/SPI/synth/spi top/output_files/spi_top.map.smsg.


